[2019-01-30 00:16:58,918] multiqc                                            [DEBUG  ]  No MultiQC config found: /usr/local/lib/python3.4/dist-packages/multiqc_config.yaml
[2019-01-30 00:16:58,918] multiqc                                            [DEBUG  ]  No MultiQC config found: /BaIAHL/.multiqc_config.yaml
[2019-01-30 00:16:58,918] multiqc                                            [DEBUG  ]  No MultiQC config found: multiqc_config.yaml
[2019-01-30 00:16:58,918] multiqc                                            [DEBUG  ]  Command used: /usr/local/bin/multiqc /var/lib/cwl/stg542078e7-546a-401f-9f71-fd046f842466/Coriell-NA12877_R1_fastqc.zip /var/lib/cwl/stgcc82e598-9dfb-497a-8dfb-2b7f23cb8ef4/Coriell-NA12877_R2_fastqc.zip /var/lib/cwl/stgb325a598-9365-4bd4-bd2f-8b6b2e01f4a7/Coriell-NA12878_R1_fastqc.zip /var/lib/cwl/stg1fd2d533-38c6-46c5-95e5-9c7c53b10e95/Coriell-NA12878_R2_fastqc.zip /var/lib/cwl/stgec6a03c0-24a2-493a-ae8c-94542a1a14bd/Coriell-NA12880_R1_fastqc.zip /var/lib/cwl/stg3c46f7da-aabf-4f46-b740-aa67096cb8f9/Coriell-NA12880_R2_fastqc.zip
[2019-01-30 00:16:59,103] multiqc                                            [DEBUG  ]  Latest MultiQC version is v1.7
[2019-01-30 00:16:59,103] multiqc                                            [INFO   ]  This is MultiQC v1.7
[2019-01-30 00:16:59,103] multiqc                                            [DEBUG  ]  Command     : /usr/local/bin/multiqc /var/lib/cwl/stg542078e7-546a-401f-9f71-fd046f842466/Coriell-NA12877_R1_fastqc.zip /var/lib/cwl/stgcc82e598-9dfb-497a-8dfb-2b7f23cb8ef4/Coriell-NA12877_R2_fastqc.zip /var/lib/cwl/stgb325a598-9365-4bd4-bd2f-8b6b2e01f4a7/Coriell-NA12878_R1_fastqc.zip /var/lib/cwl/stg1fd2d533-38c6-46c5-95e5-9c7c53b10e95/Coriell-NA12878_R2_fastqc.zip /var/lib/cwl/stgec6a03c0-24a2-493a-ae8c-94542a1a14bd/Coriell-NA12880_R1_fastqc.zip /var/lib/cwl/stg3c46f7da-aabf-4f46-b740-aa67096cb8f9/Coriell-NA12880_R2_fastqc.zip
[2019-01-30 00:16:59,103] multiqc                                            [DEBUG  ]  Working dir : /BaIAHL
[2019-01-30 00:16:59,103] multiqc                                            [INFO   ]  Template    : default
[2019-01-30 00:16:59,103] multiqc                                            [INFO   ]  Searching '/var/lib/cwl/stg542078e7-546a-401f-9f71-fd046f842466/Coriell-NA12877_R1_fastqc.zip'
[2019-01-30 00:16:59,103] multiqc                                            [INFO   ]  Searching '/var/lib/cwl/stgcc82e598-9dfb-497a-8dfb-2b7f23cb8ef4/Coriell-NA12877_R2_fastqc.zip'
[2019-01-30 00:16:59,104] multiqc                                            [INFO   ]  Searching '/var/lib/cwl/stgb325a598-9365-4bd4-bd2f-8b6b2e01f4a7/Coriell-NA12878_R1_fastqc.zip'
[2019-01-30 00:16:59,104] multiqc                                            [INFO   ]  Searching '/var/lib/cwl/stg1fd2d533-38c6-46c5-95e5-9c7c53b10e95/Coriell-NA12878_R2_fastqc.zip'
[2019-01-30 00:16:59,104] multiqc                                            [INFO   ]  Searching '/var/lib/cwl/stgec6a03c0-24a2-493a-ae8c-94542a1a14bd/Coriell-NA12880_R1_fastqc.zip'
[2019-01-30 00:16:59,104] multiqc                                            [INFO   ]  Searching '/var/lib/cwl/stg3c46f7da-aabf-4f46-b740-aa67096cb8f9/Coriell-NA12880_R2_fastqc.zip'
[2019-01-30 00:16:59,104] multiqc                                            [DEBUG  ]  Analysing modules: custom_content, conpair, peddy, methylQA, phantompeakqualtools, qualimap, preseq, quast, qorts, rna_seqc, rsem, rseqc, busco, goleft_indexcov, disambiguate, supernova, deeptools, sargasso, verifybamid, mirtrace, happy, homer, macs2, theta2, snpeff, gatk, htseq, bcftools, featureCounts, dedup, damageprofiler, picard, prokka, samblaster, samtools, bamtools, jellyfish, vcftools, longranger, stacks, bbmap, bismark, biscuit, hicexplorer, hicup, hicpro, salmon, kallisto, slamdunk, star, hisat2, tophat, bowtie2, bowtie1, kat, leehom, adapterRemoval, clipandmerge, cutadapt, flexbar, trimmomatic, skewer, sortmerna, biobloomtools, fastq_screen, afterqc, fastp, fastqc, minionqc, clusterflow, bcl2fastq, interop, flash
[2019-01-30 00:16:59,104] multiqc                                            [DEBUG  ]  Using temporary directory for creating report: /tmp/tmprgjlowzu
[2019-01-30 00:16:59,520] multiqc                                            [DEBUG  ]  No samples found: custom_content
[2019-01-30 00:16:59,521] multiqc                                            [DEBUG  ]  No samples found: conpair
[2019-01-30 00:16:59,525] multiqc                                            [DEBUG  ]  No samples found: peddy
[2019-01-30 00:16:59,526] multiqc                                            [DEBUG  ]  No samples found: methylQA
[2019-01-30 00:16:59,528] multiqc                                            [DEBUG  ]  No samples found: phantompeakqualtools
[2019-01-30 00:16:59,529] multiqc                                            [DEBUG  ]  No samples found: qualimap
[2019-01-30 00:16:59,531] multiqc                                            [DEBUG  ]  No samples found: preseq
[2019-01-30 00:16:59,532] multiqc                                            [DEBUG  ]  No samples found: quast
[2019-01-30 00:16:59,534] multiqc                                            [DEBUG  ]  No samples found: qorts
[2019-01-30 00:16:59,535] multiqc                                            [DEBUG  ]  No samples found: rna_seqc
[2019-01-30 00:16:59,536] multiqc                                            [DEBUG  ]  No samples found: rsem
[2019-01-30 00:16:59,539] multiqc                                            [DEBUG  ]  No samples found: rseqc
[2019-01-30 00:16:59,540] multiqc                                            [DEBUG  ]  No samples found: busco
[2019-01-30 00:16:59,541] multiqc                                            [DEBUG  ]  No samples found: goleft_indexcov
[2019-01-30 00:16:59,543] multiqc                                            [DEBUG  ]  No samples found: disambiguate
[2019-01-30 00:16:59,544] multiqc                                            [DEBUG  ]  No samples found: supernova
[2019-01-30 00:16:59,547] multiqc                                            [DEBUG  ]  No samples found: deeptools
[2019-01-30 00:16:59,549] multiqc                                            [DEBUG  ]  No samples found: sargasso
[2019-01-30 00:16:59,550] multiqc                                            [DEBUG  ]  No samples found: verifybamid
[2019-01-30 00:16:59,551] multiqc                                            [DEBUG  ]  No samples found: mirtrace
[2019-01-30 00:16:59,553] multiqc                                            [DEBUG  ]  No samples found: happy
[2019-01-30 00:16:59,555] multiqc                                            [DEBUG  ]  No samples found: homer
[2019-01-30 00:16:59,556] multiqc                                            [DEBUG  ]  No samples found: macs2
[2019-01-30 00:16:59,557] multiqc                                            [DEBUG  ]  No samples found: theta2
[2019-01-30 00:16:59,558] multiqc                                            [DEBUG  ]  No samples found: snpeff
[2019-01-30 00:16:59,560] multiqc                                            [DEBUG  ]  No samples found: gatk
[2019-01-30 00:16:59,560] multiqc                                            [DEBUG  ]  No samples found: htseq
[2019-01-30 00:16:59,561] multiqc                                            [DEBUG  ]  No samples found: bcftools
[2019-01-30 00:16:59,562] multiqc                                            [DEBUG  ]  No samples found: featureCounts
[2019-01-30 00:16:59,563] multiqc                                            [DEBUG  ]  No samples found: dedup
[2019-01-30 00:16:59,564] multiqc                                            [DEBUG  ]  No samples found: damageprofiler
[2019-01-30 00:16:59,567] multiqc                                            [DEBUG  ]  No samples found: picard
[2019-01-30 00:16:59,569] multiqc                                            [DEBUG  ]  No samples found: prokka
[2019-01-30 00:16:59,570] multiqc                                            [DEBUG  ]  No samples found: samblaster
[2019-01-30 00:16:59,572] multiqc                                            [DEBUG  ]  No samples found: samtools
[2019-01-30 00:16:59,573] multiqc                                            [DEBUG  ]  No samples found: bamtools
[2019-01-30 00:16:59,574] multiqc                                            [DEBUG  ]  No samples found: jellyfish
[2019-01-30 00:16:59,576] multiqc                                            [DEBUG  ]  No samples found: vcftools
[2019-01-30 00:16:59,577] multiqc                                            [DEBUG  ]  No samples found: longranger
[2019-01-30 00:16:59,578] multiqc                                            [DEBUG  ]  No samples found: stacks
[2019-01-30 00:16:59,581] multiqc                                            [DEBUG  ]  No samples found: bbmap
[2019-01-30 00:16:59,582] multiqc                                            [DEBUG  ]  No samples found: bismark
[2019-01-30 00:16:59,583] multiqc                                            [DEBUG  ]  No samples found: biscuit
[2019-01-30 00:16:59,584] multiqc                                            [DEBUG  ]  No samples found: hicexplorer
[2019-01-30 00:16:59,586] multiqc                                            [DEBUG  ]  No samples found: hicup
[2019-01-30 00:16:59,587] multiqc                                            [DEBUG  ]  No samples found: hicpro
[2019-01-30 00:16:59,588] multiqc                                            [DEBUG  ]  No samples found: salmon
[2019-01-30 00:16:59,590] multiqc                                            [DEBUG  ]  No samples found: kallisto
[2019-01-30 00:16:59,591] multiqc                                            [DEBUG  ]  No samples found: slamdunk
[2019-01-30 00:16:59,592] multiqc                                            [DEBUG  ]  No samples found: star
[2019-01-30 00:16:59,593] multiqc                                            [DEBUG  ]  No samples found: hisat2
[2019-01-30 00:16:59,594] multiqc                                            [DEBUG  ]  No samples found: tophat
[2019-01-30 00:16:59,595] multiqc                                            [DEBUG  ]  No samples found: bowtie2
[2019-01-30 00:16:59,596] multiqc                                            [DEBUG  ]  No samples found: bowtie1
[2019-01-30 00:16:59,597] multiqc                                            [DEBUG  ]  No samples found: kat
[2019-01-30 00:16:59,597] multiqc                                            [DEBUG  ]  No samples found: leehom
[2019-01-30 00:16:59,598] multiqc                                            [DEBUG  ]  No samples found: adapterRemoval
[2019-01-30 00:16:59,599] multiqc                                            [DEBUG  ]  No samples found: clipandmerge
[2019-01-30 00:16:59,600] multiqc                                            [DEBUG  ]  No samples found: cutadapt
[2019-01-30 00:16:59,601] multiqc                                            [DEBUG  ]  No samples found: flexbar
[2019-01-30 00:16:59,602] multiqc                                            [DEBUG  ]  No samples found: trimmomatic
[2019-01-30 00:16:59,603] multiqc                                            [DEBUG  ]  No samples found: skewer
[2019-01-30 00:16:59,604] multiqc                                            [DEBUG  ]  No samples found: sortmerna
[2019-01-30 00:16:59,605] multiqc                                            [DEBUG  ]  No samples found: biobloomtools
[2019-01-30 00:16:59,606] multiqc                                            [DEBUG  ]  No samples found: fastq_screen
[2019-01-30 00:16:59,606] multiqc                                            [DEBUG  ]  No samples found: afterqc
[2019-01-30 00:16:59,607] multiqc                                            [DEBUG  ]  No samples found: fastp
[2019-01-30 00:16:59,657] multiqc.modules.fastqc.fastqc                      [INFO   ]  Found 6 reports
[2019-01-30 00:16:59,729] multiqc                                            [DEBUG  ]  No samples found: minionqc
[2019-01-30 00:16:59,730] multiqc                                            [DEBUG  ]  No samples found: clusterflow
[2019-01-30 00:16:59,730] multiqc                                            [DEBUG  ]  No samples found: bcl2fastq
[2019-01-30 00:16:59,731] multiqc                                            [DEBUG  ]  No samples found: interop
[2019-01-30 00:16:59,732] multiqc                                            [DEBUG  ]  No samples found: flash
[2019-01-30 00:16:59,741] multiqc                                            [INFO   ]  Compressing plot data
[2019-01-30 00:16:59,840] multiqc                                            [INFO   ]  Report      : multiqc_report.html
[2019-01-30 00:16:59,840] multiqc                                            [INFO   ]  Data        : multiqc_data
[2019-01-30 00:16:59,840] multiqc                                            [DEBUG  ]  Moving data file from '/tmp/tmprgjlowzu/multiqc_data/multiqc_sources.txt' to '/BaIAHL/multiqc_data'
[2019-01-30 00:16:59,840] multiqc                                            [DEBUG  ]  Moving data file from '/tmp/tmprgjlowzu/multiqc_data/multiqc_fastqc.txt' to '/BaIAHL/multiqc_data'
[2019-01-30 00:16:59,841] multiqc                                            [DEBUG  ]  Moving data file from '/tmp/tmprgjlowzu/multiqc_data/multiqc_general_stats.txt' to '/BaIAHL/multiqc_data'
[2019-01-30 00:16:59,841] multiqc                                            [DEBUG  ]  Moving data file from '/tmp/tmprgjlowzu/multiqc_data/multiqc_data.json' to '/BaIAHL/multiqc_data'
[2019-01-30 00:16:59,960] multiqc                                            [INFO   ]  MultiQC complete
